Determining if the pthread_create exist failed with the following output:
Change Dir: /home/hsesim/projects/road_generation/keyframe_plugin/build/CMakeFiles/CMakeTmp

Run Build Command:"/usr/bin/make" "cmTC_198dd/fast"
/usr/bin/make -f CMakeFiles/cmTC_198dd.dir/build.make CMakeFiles/cmTC_198dd.dir/build
make[1]: Entering directory '/home/hsesim/projects/road_generation/keyframe_plugin/build/CMakeFiles/CMakeTmp'
Building C object CMakeFiles/cmTC_198dd.dir/CheckSymbolExists.c.o
/usr/bin/cc    -o CMakeFiles/cmTC_198dd.dir/CheckSymbolExists.c.o   -c /home/hsesim/projects/road_generation/keyframe_plugin/build/CMakeFiles/CMakeTmp/CheckSymbolExists.c
Linking C executable cmTC_198dd
/usr/bin/cmake -E cmake_link_script CMakeFiles/cmTC_198dd.dir/link.txt --verbose=1
/usr/bin/cc      -rdynamic CMakeFiles/cmTC_198dd.dir/CheckSymbolExists.c.o  -o cmTC_198dd 
CMakeFiles/cmTC_198dd.dir/CheckSymbolExists.c.o: In function `main':
CheckSymbolExists.c:(.text+0x1b): undefined reference to `pthread_create'
collect2: error: ld returned 1 exit status
CMakeFiles/cmTC_198dd.dir/build.make:97: recipe for target 'cmTC_198dd' failed
make[1]: *** [cmTC_198dd] Error 1
make[1]: Leaving directory '/home/hsesim/projects/road_generation/keyframe_plugin/build/CMakeFiles/CMakeTmp'
Makefile:126: recipe for target 'cmTC_198dd/fast' failed
make: *** [cmTC_198dd/fast] Error 2

File /home/hsesim/projects/road_generation/keyframe_plugin/build/CMakeFiles/CMakeTmp/CheckSymbolExists.c:
/* */
#include <pthread.h>

int main(int argc, char** argv)
{
  (void)argv;
#ifndef pthread_create
  return ((int*)(&pthread_create))[argc];
#else
  (void)argc;
  return 0;
#endif
}

Determining if the function pthread_create exists in the pthreads failed with the following output:
Change Dir: /home/hsesim/projects/road_generation/keyframe_plugin/build/CMakeFiles/CMakeTmp

Run Build Command:"/usr/bin/make" "cmTC_12e82/fast"
/usr/bin/make -f CMakeFiles/cmTC_12e82.dir/build.make CMakeFiles/cmTC_12e82.dir/build
make[1]: Entering directory '/home/hsesim/projects/road_generation/keyframe_plugin/build/CMakeFiles/CMakeTmp'
Building C object CMakeFiles/cmTC_12e82.dir/CheckFunctionExists.c.o
/usr/bin/cc   -DCHECK_FUNCTION_EXISTS=pthread_create   -o CMakeFiles/cmTC_12e82.dir/CheckFunctionExists.c.o   -c /usr/share/cmake-3.10/Modules/CheckFunctionExists.c
Linking C executable cmTC_12e82
/usr/bin/cmake -E cmake_link_script CMakeFiles/cmTC_12e82.dir/link.txt --verbose=1
/usr/bin/cc  -DCHECK_FUNCTION_EXISTS=pthread_create    -rdynamic CMakeFiles/cmTC_12e82.dir/CheckFunctionExists.c.o  -o cmTC_12e82 -lpthreads 
/usr/bin/ld: cannot find -lpthreads
collect2: error: ld returned 1 exit status
CMakeFiles/cmTC_12e82.dir/build.make:97: recipe for target 'cmTC_12e82' failed
make[1]: *** [cmTC_12e82] Error 1
make[1]: Leaving directory '/home/hsesim/projects/road_generation/keyframe_plugin/build/CMakeFiles/CMakeTmp'
Makefile:126: recipe for target 'cmTC_12e82/fast' failed
make: *** [cmTC_12e82/fast] Error 2


